<?xml version="1.0" encoding="UTF-8"?>
<!-- Generated by org.testng.reporters.JUnitXMLReporter -->
<testsuite ignored="0" hostname="DESKTOP-424KU7A" failures="1" tests="2" name="parallelTestingSuite-no-2" time="40.836" errors="0" timestamp="2024-01-05T18:08:38 IST">
  <testcase classname="TestNG.ParameterTest" name="testLogo" time="2.463">
    <failure type="java.lang.AssertionError" message="expected [true] but found [false]">
      <![CDATA[java.lang.AssertionError: expected [true] but found [false]
at TestNG.ParameterTest.testLogo(ParameterTest.java:44)
at java.base/java.util.ArrayList.forEach(ArrayList.java:1511)
... Removed 33 stack frames]]>
    </failure>
  </testcase> <!-- testLogo -->
  <testcase classname="TestNG.ParameterTest" name="testHomePageTitle" time="0.01"/>
</testsuite> <!-- parallelTestingSuite-no-2 -->
