<?xml version="1.0" encoding="UTF-8"?>
<testng-results ignored="0" total="3" passed="3" failed="0" skipped="0">
  <reporter-output>
  </reporter-output>
  <suite started-at="2024-01-03T19:01:20 IST" name="Default suite" finished-at="2024-01-03T19:01:20 IST" duration-ms="135">
    <groups>
    </groups>
    <test started-at="2024-01-03T19:01:20 IST" name="Default test" finished-at="2024-01-03T19:01:20 IST" duration-ms="135">
      <class name="TestNG.FirstTest">
        <test-method signature="test1()[pri:0, instance:TestNG.FirstTest@3967e60c]" started-at="2024-01-03T19:01:20 IST" name="test1" finished-at="2024-01-03T19:01:20 IST" duration-ms="37" status="PASS">
          <reporter-output>
          </reporter-output>
        </test-method> <!-- test1 -->
        <test-method signature="test2()[pri:0, instance:TestNG.FirstTest@3967e60c]" started-at="2024-01-03T19:01:20 IST" name="test2" finished-at="2024-01-03T19:01:20 IST" duration-ms="1" status="PASS">
          <reporter-output>
          </reporter-output>
        </test-method> <!-- test2 -->
        <test-method signature="test3()[pri:0, instance:TestNG.FirstTest@3967e60c]" started-at="2024-01-03T19:01:20 IST" name="test3" finished-at="2024-01-03T19:01:20 IST" duration-ms="1" status="PASS">
          <reporter-output>
          </reporter-output>
        </test-method> <!-- test3 -->
      </class> <!-- TestNG.FirstTest -->
    </test> <!-- Default test -->
  </suite> <!-- Default suite -->
</testng-results>
