<?xml version="1.0" encoding="UTF-8"?>
<!-- Generated by org.testng.reporters.JUnitXMLReporter -->
<testsuite ignored="0" hostname="DESKTOP-424KU7A" failures="1" tests="3" name="Test" time="0.738" errors="0" timestamp="2024-01-06T07:20:30 IST">
  <testcase classname="TestNG.ItestListnerTestClass" name="test1" time="0.25"/>
  <testcase classname="TestNG.ItestListnerTestClass" name="test2" time="0.015">
    <failure type="java.lang.AssertionError" message="expected [B] but found [A]">
      <![CDATA[java.lang.AssertionError: expected [B] but found [A]
at TestNG.ItestListnerTestClass.test2(ItestListnerTestClass.java:15)
at java.base/java.util.ArrayList.forEach(ArrayList.java:1511)
at java.base/java.util.concurrent.FutureTask.run(FutureTask.java:264)
at java.base/java.util.concurrent.ThreadPoolExecutor.runWorker(ThreadPoolExecutor.java:1136)
at java.base/java.util.concurrent.ThreadPoolExecutor$Worker.run(ThreadPoolExecutor.java:635)
at java.base/java.lang.Thread.run(Thread.java:833)
... Removed 23 stack frames]]>
    </failure>
  </testcase> <!-- test2 -->
  <testcase classname="TestNG.ItestListnerTestClass" name="test3" time="0.001">
    <skipped/>
  </testcase> <!-- test3 -->
</testsuite> <!-- Test -->
