<?xml version="1.0" encoding="UTF-8"?>
<!-- Generated by org.testng.reporters.JUnitXMLReporter -->
<testsuite ignored="6" hostname="DESKTOP-424KU7A" failures="0" tests="3" name="grouping" time="0.072" errors="0" timestamp="2024-01-05T08:05:23 IST">
  <testcase classname="TestNG.Grouping" name="signupByfacebook" time="0.009"/>
  <testcase classname="TestNG.Grouping" name="signupBytwitter" time="0.001"/>
  <testcase classname="TestNG.Grouping" name="paymentreturnByBank" time="0.001"/>
  <testcase classname="TestNG.Grouping" name="LoginByFaceBook" time="0.0">
    <ignored/>
  </testcase> <!-- LoginByFaceBook -->
  <testcase classname="TestNG.Grouping" name="paymentinrupees" time="0.0">
    <ignored/>
  </testcase> <!-- paymentinrupees -->
  <testcase classname="TestNG.Grouping" name="signupByemail" time="0.0">
    <ignored/>
  </testcase> <!-- signupByemail -->
  <testcase classname="TestNG.Grouping" name="paymentindoller" time="0.0">
    <ignored/>
  </testcase> <!-- paymentindoller -->
  <testcase classname="TestNG.Grouping" name="LoginByEmail" time="0.0">
    <ignored/>
  </testcase> <!-- LoginByEmail -->
  <testcase classname="TestNG.Grouping" name="LoginByTwitter" time="0.0">
    <ignored/>
  </testcase> <!-- LoginByTwitter -->
</testsuite> <!-- grouping -->
